Removed Pin From Net: NetName=NetC1_2 Pin=J1-1
Removed Pin From Net: NetName=NetC1_1 Pin=J1-2
Added Pin To Net: NetName=NetC1_1 Pin=J1-1
Added Pin To Net: NetName=NetC1_2 Pin=J1-2
Added Member To Class: ClassName=Station sheet1 Member=Component A2 ARDUINO NANO
Added Member To Class: ClassName=Station sheet1 Member=Component J1 691102710002
Added Member To Class: ClassName=Station sheet1 Member=Component J1 691102710002
Added Member To Class: ClassName=Station sheet1 Member=Component J1 691102710002
Added Member To Class: ClassName=Station sheet1 Member=Component J1 691102710002
Added Member To Class: ClassName=Station sheet1 Member=Component J1 691102710002
Added Member To Class: ClassName=Station sheet1 Member=Component J1 691102710002
Added Member To Class: ClassName=Station sheet1 Member=Component Q4 BSS138LT1G
Added Member To Class: ClassName=Station sheet1 Member=Component Q4 BSS138LT1G
Added Member To Class: ClassName=Station sheet1 Member=Component R11 CRCW120620K0FKEAHP
Added Member To Class: ClassName=Station sheet1 Member=Component R11 CRCW120620K0FKEAHP
Added Member To Class: ClassName=Station sheet1 Member=Component R11 CRCW120620K0FKEAHP
Added Member To Class: ClassName=Station sheet1 Member=Component R13 AC1206FR-074K7L
Added Member To Class: ClassName=Station sheet1 Member=Component R13 AC1206FR-074K7L
Added Member To Class: ClassName=Station sheet1 Member=Component R13 AC1206FR-074K7L
Added Member To Class: ClassName=Station sheet1 Member=Component R13 AC1206FR-074K7L
Added Room: Name=Power
Added Room: Name=Station sheet1
