Removed Pin From Net: NetName=PWR+ Pin=C3-1
Removed Pin From Net: NetName=NetC2_2 Pin=C3-2
Removed Pin From Net: NetName=NetC2_2 Pin=C4-2
Removed Pin From Net: NetName=12V Pin=C8-1
Removed Pin From Net: NetName=NetC2_2 Pin=C8-2
Removed Pin From Net: NetName=NetC2_2 Pin=R3-2
Removed Pin From Net: NetName=NetR5_2 Pin=R6-1
Removed Pin From Net: NetName=12V Pin=R6-2
Removed Pin From Net: NetName=NetC7_1 Pin=R7-1
Removed Pin From Net: NetName=NetC2_2 Pin=R8-1
Removed Pin From Net: NetName=NetQ2_1 Pin=R8-2
Removed Pin From Net: NetName=RELAY Pin=R9-1
Change Component Footprint: Designator=C5 Old Footprint=CAPC1206(3216)130_L New Footprint=FP-CGA5L-0_3-0_1-IPC_C
Change Component Footprint: Designator=C3 Old Footprint=FP-C1206C-EB-MFG New Footprint=C3216_Commercial
Change Component Footprint: Designator=C4 Old Footprint=FP-CC1206-1_25-MFG New Footprint=CAPC3216X94N
Change Component Footprint: Designator=C7 Old Footprint=FP-CL31-IPC_C New Footprint=FP-C0805C-DN-MFG
Change Component Footprint: Designator=C8 Old Footprint=PNSC-SVP-E12_L New Footprint=FCV(8X10.2)
Change Component Footprint: Designator=R3 Old Footprint=RESC1206(3216)_M New Footprint=RESC3216X60X45ML10T20
Change Component Footprint: Designator=R8 Old Footprint=RESC2013X58X38LL25T25 New Footprint=RESC3116X65X40NL10T20
Change Component Footprint: Designator=R6 Old Footprint=RESC3216X70X50LL05T20 New Footprint=FP-CRCW1206-e3-MFG
Change Component Footprint: Designator=R4 Old Footprint=RESC3216X70X50LL05T20 New Footprint=RESC3116X65X40ML10T20
Change Component Footprint: Designator=R7 Old Footprint=RESC3216X70X50NL05T20 New Footprint=FP-CSR1206-MFG
Change Component Footprint: Designator=R5 Old Footprint=RESC3216X70X50NL05T20 New Footprint=RESC3216X70X50LL05T20
Change Component Comment : Designator=C8 Old Comment=16SVP180M New Comment=25SVPF180M
Change Component Comment : Designator=R3 Old Comment=27K 1% 1206(3216) New Comment=CRCW120626K1FKEA
Change Component Comment : Designator=C3 Old Comment=C1206C104K4RACTU New Comment=C3216C0G1H104J160AA
Change Component Comment : Designator=C5 Old Comment=CAP 33nF 100V 1206(3216) New Comment=CGA5F2C0G1H333J085AA
Change Component Comment : Designator=C4 Old Comment=CC1206KRX7R9BB152 New Comment=12065A152JAT2A
Change Component Comment : Designator=C7 Old Comment=CL31C100DBCNNNC New Comment=C0805C100M4GACTU
Change Component Comment : Designator=R7 Old Comment=ERJ-8ENF1000V New Comment=CSR1206FK10L0
Change Component Comment : Designator=R4 Old Comment=ERJ-8ENF2551V New Comment=RC1206FR-072K55L
Change Component Comment : Designator=R6 Old Comment=ERJ-8ENF8451V New Comment=CRCW1206100RFKEA
Change Component Comment : Designator=R5 Old Comment=ERJ-P08J102V New Comment=ERJ-8ENF1001V
Change Component Comment : Designator=R8 Old Comment=WSLP0805R0100FEA New Comment=RC1206FR-078K45L
Change Managed Component Library Link : Designator=C5 Old VaultGUID=B7D15EC3-160A-466F-A46C-7801FE6295A7 New VaultGUID=B7D15EC3-160A-466F-A46C-7801FE6295A7 Old ItemGUID=1520A7CD-93A4-444C-8987-43E3E6DA4E51 New ItemGUID=4BBEADD6-4BE8-44C3-98D8-8BB4E79CFD9C Old RevisionGUID=9047154C-104C-4CDE-B7B0-96A192C11CD9 New RevisionGUID=4528C2E3-BB98-4AEF-B4A6-20F268248627
Change Managed Component Library Link : Designator=C7 Old VaultGUID=B7D15EC3-160A-466F-A46C-7801FE6295A7 New VaultGUID=B7D15EC3-160A-466F-A46C-7801FE6295A7 Old ItemGUID=F7BA4345-1A59-42BF-82C9-D66C00C79604 New ItemGUID=77BDC578-B937-44A3-93E8-E605D17774AC Old RevisionGUID=09449AA0-12DC-4DA0-84B9-22243447E1C4 New RevisionGUID=5F76F951-0F4D-45B2-8FB8-48F576D2AE69
Change Managed Component Library Link : Designator=R3 Old VaultGUID=B7D15EC3-160A-466F-A46C-7801FE6295A7 New VaultGUID=B7D15EC3-160A-466F-A46C-7801FE6295A7 Old ItemGUID=A22D5B9B-46B2-49AC-8FE2-C726366A9DF9 New ItemGUID=C7A4F43F-EF88-4AC0-B309-B768B235102F Old RevisionGUID=660C7172-99F0-4863-8BEA-1DED0D4E171D New RevisionGUID=BB7682D3-5E29-42F4-BF79-77ED6A372A9D
Change Managed Component Library Link : Designator=R4 Old VaultGUID=B7D15EC3-160A-466F-A46C-7801FE6295A7 New VaultGUID=B7D15EC3-160A-466F-A46C-7801FE6295A7 Old ItemGUID=4DDA295B-0C2A-4B6D-97A8-B0879128BE39 New ItemGUID=1BF321F1-4E6D-490F-A1FF-2F52E518F85B Old RevisionGUID=80DCE085-1E26-4C82-B2A8-EEED5D5ED658 New RevisionGUID=F73E890A-8C99-49C5-B560-E4AD0AD8D27B
Change Managed Component Library Link : Designator=R5 Old VaultGUID=B7D15EC3-160A-466F-A46C-7801FE6295A7 New VaultGUID=B7D15EC3-160A-466F-A46C-7801FE6295A7 Old ItemGUID=DF68E3D4-D68A-4456-94EE-90B8E2DAF646 New ItemGUID=B95C2681-8512-4689-B78C-BC5348C49289 Old RevisionGUID=9A5C841A-A4B3-41E5-A540-1B9906F042B6 New RevisionGUID=A536877C-CD22-4EF0-BB7A-8A1A83B82BCF
Change Managed Component Library Link : Designator=R6 Old VaultGUID=B7D15EC3-160A-466F-A46C-7801FE6295A7 New VaultGUID=B7D15EC3-160A-466F-A46C-7801FE6295A7 Old ItemGUID=8846329A-AF41-4FE0-8770-DA47FCF8B6BD New ItemGUID=1CE74A66-634A-4F20-B188-75BBEF32BDBD Old RevisionGUID=00C78085-84A9-4411-BDC1-6EBDD05C908E New RevisionGUID=5D684117-6D44-4B2D-AC12-D20CD046CD6B
Change Managed Component Library Link : Designator=R7 Old VaultGUID=B7D15EC3-160A-466F-A46C-7801FE6295A7 New VaultGUID=B7D15EC3-160A-466F-A46C-7801FE6295A7 Old ItemGUID=83AD5D60-0122-4229-8056-E28895FEF894 New ItemGUID=99FAD5A5-13F5-44E6-83C8-AF504FD1C0A0 Old RevisionGUID=5CB70B48-D730-4D95-8889-3A871E1695C6 New RevisionGUID=390BC603-367D-4650-9486-2B989437CC18
Change Managed Component Library Link : Designator=R8 Old VaultGUID=B7D15EC3-160A-466F-A46C-7801FE6295A7 New VaultGUID=B7D15EC3-160A-466F-A46C-7801FE6295A7 Old ItemGUID=0BF4B8A5-018F-4CE2-A251-825E73A670D0 New ItemGUID=0B66A26B-164A-4DF0-9E88-623BB26FF998 Old RevisionGUID=62A9FD1C-DD68-4359-917A-6D41F93C313C New RevisionGUID=F78E5CFD-AC49-4AF1-A18C-566A3C9DE998
Change Managed Component Library Link : Designator=C3 Old VaultGUID=B7D15EC3-160A-466F-A46C-7801FE6295A7 New VaultGUID= Old ItemGUID=F50762A6-5D5B-4F60-ABAD-42E303195F9F New ItemGUID= Old RevisionGUID=5F661A9D-6AD4-48AD-A48D-F8E1D044CCC4 New RevisionGUID=
Change Managed Component Library Link : Designator=C4 Old VaultGUID=B7D15EC3-160A-466F-A46C-7801FE6295A7 New VaultGUID= Old ItemGUID=9E13E4BC-C9D0-426E-87A4-C5027ABB6D7D New ItemGUID= Old RevisionGUID=FB344C71-F575-48D0-8C07-31A79760FF69 New RevisionGUID=
Change Managed Component Library Link : Designator=C8 Old VaultGUID=B7D15EC3-160A-466F-A46C-7801FE6295A7 New VaultGUID= Old ItemGUID=71F96875-C3D4-4FC6-A0C7-1D3FF2764CB9 New ItemGUID= Old RevisionGUID=84B7D361-A859-49D8-97BD-388D60B1751B New RevisionGUID=
Change component parameters: Designator = "R5" ("R5"); Footprint = "RESC3216X70X50NL05T20"; UniqueID = "\OICLAYQV" ("\OICLAYQV")
Change component parameters (AddParameter): Name = "Manufacturer"; Value = "Panasonic"; VariantName = "[No Variations]"
Change component parameters (AddParameter): Name = "Part Number"; Value = "ERJ-8ENF1001V"; VariantName = "[No Variations]"
Change component parameters: Designator = "R4" ("R4"); Footprint = "RESC3216X70X50LL05T20"; UniqueID = "\GGAEPKGX" ("\GGAEPKGX")
Change component parameters (AddParameter): Name = "Manufacturer"; Value = "Yageo"; VariantName = "[No Variations]"
Change component parameters (AddParameter): Name = "Part Number"; Value = "RC1206FR-072K55L"; VariantName = "[No Variations]"
Change component parameters: Designator = "R8" ("R8"); Footprint = "RESC2013X58X38LL25T25"; UniqueID = "\ZRSHSQLC" ("\ZRSHSQLC")
Change component parameters (AddParameter): Name = "Manufacturer"; Value = "Yageo"; VariantName = "[No Variations]"
Change component parameters (AddParameter): Name = "Part Number"; Value = "RC1206FR-078K45L"; VariantName = "[No Variations]"
Change component parameters: Designator = "R3" ("R3"); Footprint = "RESC1206(3216)_M"; UniqueID = "\EJPISZGM" ("\EJPISZGM")
Change component parameters (AddParameter): Name = "Manufacturer"; Value = "Vishay Dale"; VariantName = "[No Variations]"
Change component parameters (AddParameter): Name = "Part Number"; Value = "CRCW120626K1FKEA"; VariantName = "[No Variations]"
Change component parameters: Designator = "C8" ("C8"); Footprint = "PNSC-SVP-E12_L"; UniqueID = "\DWNBMOMY" ("\DWNBMOMY")
Change component parameters (AddParameter): Name = "Datasheet Link"; Value = "https://componentsearchengine.com//25SVPF180M.pdf"; VariantName = "[No Variations]"
Change component parameters (AddParameter): Name = "Manufacturer_Name"; Value = "Panasonic"; VariantName = "[No Variations]"
Change component parameters (AddParameter): Name = "Manufacturer_Part_Number"; Value = "25SVPF180M"; VariantName = "[No Variations]"
Change component parameters (AddParameter): Name = "Mouser2 Part Number"; Value = "667-25SVPF180M"; VariantName = "[No Variations]"
Change component parameters (AddParameter): Name = "Mouser2 Price/Stock"; Value = "https://www.mouser.com/Search/Refine.aspx?Keyword=667-25SVPF180M"; VariantName = "[No Variations]"
Change component parameters: Designator = "C5" ("C5"); Footprint = "CAPC1206(3216)130_L"; UniqueID = "\PLKGYOLI" ("\PLKGYOLI")
Change component parameters (AddParameter): Name = "Capacitance"; Value = "33nF"; VariantName = "[No Variations]"
Change component parameters (AddParameter): Name = "Case Code (Imperial)"; Value = "1206"; VariantName = "[No Variations]"
Change component parameters (AddParameter): Name = "Case Code (Metric)"; Value = "3216"; VariantName = "[No Variations]"
Change component parameters (AddParameter): Name = "Case/Package"; Value = "1206"; VariantName = "[No Variations]"
Change component parameters (AddParameter): Name = "Composition"; Value = "Ceramic"; VariantName = "[No Variations]"
Change component parameters (AddParameter): Name = "Depth"; Value = "1.6mm"; VariantName = "[No Variations]"
Change component parameters (AddParameter): Name = "Dielectric"; Value = "C0G"; VariantName = "[No Variations]"
Change component parameters (AddParameter): Name = "Height"; Value = "0.85mm"; VariantName = "[No Variations]"
Change component parameters (AddParameter): Name = "Length"; Value = "3.2mm"; VariantName = "[No Variations]"
Change component parameters (AddParameter): Name = "Max Operating Temperature"; Value = "125°C"; VariantName = "[No Variations]"
Change component parameters (AddParameter): Name = "Min Operating Temperature"; Value = "-55°C"; VariantName = "[No Variations]"
Change component parameters (AddParameter): Name = "Mount"; Value = "Surface Mount"; VariantName = "[No Variations]"
Change component parameters (AddParameter): Name = "Package Quantity"; Value = "1"; VariantName = "[No Variations]"
Change component parameters (AddParameter): Name = "Packaging"; Value = "Tape and Reel"; VariantName = "[No Variations]"
Change component parameters (AddParameter): Name = "Ratings"; Value = "AEC-Q200"; VariantName = "[No Variations]"
Change component parameters (AddParameter): Name = "Termination"; Value = "SMD/SMT"; VariantName = "[No Variations]"
Change component parameters (AddParameter): Name = "Thickness"; Value = "0.037inch"; VariantName = "[No Variations]"
Change component parameters (AddParameter): Name = "Tolerance"; Value = "5%"; VariantName = "[No Variations]"
Change component parameters (AddParameter): Name = "Voltage Rating"; Value = "50V"; VariantName = "[No Variations]"
Change component parameters (AddParameter): Name = "Voltage Rating (DC)"; Value = "50V"; VariantName = "[No Variations]"
Change component parameters (AddParameter): Name = "Weight"; Value = "0.000571oz"; VariantName = "[No Variations]"
Change component parameters (AddParameter): Name = "Width"; Value = "0.063inch"; VariantName = "[No Variations]"
Change component parameters: Designator = "R6" ("R6"); Footprint = "RESC3216X70X50LL05T20"; UniqueID = "\PFRRCNFX" ("\PFRRCNFX")
Change component parameters (AddParameter): Name = "Case Code (Imperial)"; Value = "1206"; VariantName = "[No Variations]"
Change component parameters (AddParameter): Name = "Case Code (Metric)"; Value = "3216"; VariantName = "[No Variations]"
Change component parameters (AddParameter): Name = "Case/Package"; Value = "1206"; VariantName = "[No Variations]"
Change component parameters (AddParameter): Name = "Composition"; Value = "Thick Film"; VariantName = "[No Variations]"
Change component parameters (AddParameter): Name = "Contact Plating"; Value = "Tin"; VariantName = "[No Variations]"
Change component parameters (AddParameter): Name = "Depth"; Value = "1.6mm"; VariantName = "[No Variations]"
Change component parameters (AddParameter): Name = "Height"; Value = "0.55mm"; VariantName = "[No Variations]"
Change component parameters (AddParameter): Name = "Lead Free"; Value = "Lead Free"; VariantName = "[No Variations]"
Change component parameters (AddParameter): Name = "Length"; Value = "3.2mm"; VariantName = "[No Variations]"
Change component parameters (AddParameter): Name = "Max Operating Temperature"; Value = "155°C"; VariantName = "[No Variations]"
Change component parameters (AddParameter): Name = "Military Standard"; Value = "Not"; VariantName = "[No Variations]"
Change component parameters (AddParameter): Name = "Min Operating Temperature"; Value = "-55°C"; VariantName = "[No Variations]"
Change component parameters (AddParameter): Name = "Mount"; Value = "Surface Mount"; VariantName = "[No Variations]"
Change component parameters (AddParameter): Name = "Number of Pins"; Value = "2"; VariantName = "[No Variations]"
Change component parameters (AddParameter): Name = "Package Quantity"; Value = "5000"; VariantName = "[No Variations]"
Change component parameters (AddParameter): Name = "Packaging"; Value = "Tape and Reel"; VariantName = "[No Variations]"
Change component parameters (AddParameter): Name = "Power Rating"; Value = "250mW"; VariantName = "[No Variations]"
Change component parameters (AddParameter): Name = "Radiation Hardening"; Value = "No"; VariantName = "[No Variations]"
Change component parameters (AddParameter): Name = "Resistance"; Value = "100R"; VariantName = "[No Variations]"
Change component parameters (AddParameter): Name = "Temperature Coefficient"; Value = "100ppm/°C"; VariantName = "[No Variations]"
Change component parameters (AddParameter): Name = "Termination"; Value = "SMD/SMT"; VariantName = "[No Variations]"
Change component parameters (AddParameter): Name = "Tolerance"; Value = "1%"; VariantName = "[No Variations]"
Change component parameters (AddParameter): Name = "Voltage Rating"; Value = "200V"; VariantName = "[No Variations]"
Change component parameters (AddParameter): Name = "Voltage Rating (DC)"; Value = "200V"; VariantName = "[No Variations]"
Change component parameters (AddParameter): Name = "Weight"; Value = "0.000353oz"; VariantName = "[No Variations]"
Change component parameters (AddParameter): Name = "Width"; Value = "1.6mm"; VariantName = "[No Variations]"
Change component parameters: Designator = "R7" ("R7"); Footprint = "RESC3216X70X50NL05T20"; UniqueID = "\RCQQQYDD" ("\RCQQQYDD")
Change component parameters (AddParameter): Name = "Case Code (Imperial)"; Value = "1206"; VariantName = "[No Variations]"
Change component parameters (AddParameter): Name = "Case Code (Metric)"; Value = "3216"; VariantName = "[No Variations]"
Change component parameters (AddParameter): Name = "Case/Package"; Value = "1206"; VariantName = "[No Variations]"
Change component parameters (AddParameter): Name = "Construction"; Value = "Rectangular"; VariantName = "[No Variations]"
Change component parameters (AddParameter): Name = "Contact Plating"; Value = "Tin"; VariantName = "[No Variations]"
Change component parameters (AddParameter): Name = "Depth"; Value = "1.55mm"; VariantName = "[No Variations]"
Change component parameters (AddParameter): Name = "Height"; Value = "0.026inch"; VariantName = "[No Variations]"
Change component parameters (AddParameter): Name = "Lead Free"; Value = "Lead Free"; VariantName = "[No Variations]"
Change component parameters (AddParameter): Name = "Length"; Value = "0.12inch"; VariantName = "[No Variations]"
Change component parameters (AddParameter): Name = "Max Operating Temperature"; Value = "155°C"; VariantName = "[No Variations]"
Change component parameters (AddParameter): Name = "Max Power Dissipation"; Value = "500mW"; VariantName = "[No Variations]"
Change component parameters (AddParameter): Name = "Military Standard"; Value = "Not"; VariantName = "[No Variations]"
Change component parameters (AddParameter): Name = "Min Operating Temperature"; Value = "-55°C"; VariantName = "[No Variations]"
Change component parameters (AddParameter): Name = "Mount"; Value = "Surface Mount"; VariantName = "[No Variations]"
Change component parameters (AddParameter): Name = "Number of Terminations"; Value = "2"; VariantName = "[No Variations]"
Change component parameters (AddParameter): Name = "Packaging"; Value = "Tape and Reel"; VariantName = "[No Variations]"
Change component parameters (AddParameter): Name = "Power Rating"; Value = "500mW"; VariantName = "[No Variations]"
Change component parameters (AddParameter): Name = "Radiation Hardening"; Value = "No"; VariantName = "[No Variations]"
Change component parameters (AddParameter): Name = "Resistance"; Value = "10mR"; VariantName = "[No Variations]"
Change component parameters (AddParameter): Name = "Resistor Type"; Value = "Thick Film"; VariantName = "[No Variations]"
Change component parameters (AddParameter): Name = "RoHS Compliant"; Value = "Yes"; VariantName = "[No Variations]"
Change component parameters (AddParameter): Name = "Series"; Value = "CSR"; VariantName = "[No Variations]"
Change component parameters (AddParameter): Name = "Size Code"; Value = "1206"; VariantName = "[No Variations]"
Change component parameters (AddParameter): Name = "Temperature Coefficient"; Value = "100ppm/°C"; VariantName = "[No Variations]"
Change component parameters (AddParameter): Name = "Tolerance"; Value = "1%"; VariantName = "[No Variations]"
Change component parameters (AddParameter): Name = "Width"; Value = "0.061inch"; VariantName = "[No Variations]"
Change component parameters: Designator = "C4" ("C4"); Footprint = "FP-CC1206-1_25-MFG"; UniqueID = "\MXUODSJO" ("\MXUODSJO")
Change component parameters (AddParameter): Name = "Availability"; Value = "Unavailable"; VariantName = "[No Variations]"
Change component parameters (AddParameter): Name = "MF"; Value = ""; VariantName = "[No Variations]"
Change component parameters (AddParameter): Name = "MP"; Value = "12065A152JAT2A"; VariantName = "[No Variations]"
Change component parameters (AddParameter): Name = "Package"; Value = "None"; VariantName = "[No Variations]"
Change component parameters (AddParameter): Name = "Price"; Value = "None"; VariantName = "[No Variations]"
Change component parameters (AddParameter): Name = "Value"; Value = ""; VariantName = "[No Variations]"
Change component parameters: Designator = "C3" ("C3"); Footprint = "FP-C1206C-EB-MFG"; UniqueID = "\CSWMVGUG" ("\CSWMVGUG")
Change component parameters (AddParameter): Name = "Datasheet Link"; Value = "https://product.tdk.com/system/files/dam/doc/product/capacitor/ceramic/mlcc/catalog/mlcc_commercial_general_en.pdf"; VariantName = "[No Variations]"
Change component parameters (AddParameter): Name = "Height"; Value = "0.75mm"; VariantName = "[No Variations]"
Change component parameters (AddParameter): Name = "Manufacturer_Name"; Value = "TDK"; VariantName = "[No Variations]"
Change component parameters (AddParameter): Name = "Manufacturer_Part_Number"; Value = "C3216C0G1H104J160AA"; VariantName = "[No Variations]"
Change component parameters (AddParameter): Name = "Mouser2 Part Number"; Value = ""; VariantName = "[No Variations]"
Change component parameters (AddParameter): Name = "Mouser2 Price/Stock"; Value = ""; VariantName = "[No Variations]"
Change component parameters: Designator = "C7" ("C7"); Footprint = "FP-CL31-IPC_C"; UniqueID = "\VCVCAGVZ" ("\VCVCAGVZ")
Change component parameters (AddParameter): Name = "Automotive"; Value = "No"; VariantName = "[No Variations]"
Change component parameters (AddParameter): Name = "Capacitance"; Value = "10 pF"; VariantName = "[No Variations]"
Change component parameters (AddParameter): Name = "Category"; Value = "Cap"; VariantName = "[No Variations]"
Change component parameters (AddParameter): Name = "ComponentLink2Description"; Value = "Datasheet"; VariantName = "[No Variations]"
Change component parameters (AddParameter): Name = "ComponentLink2URL"; Value = "https://content.kemet.com/datasheets/KEM_C1003_C0G_SMD.pdf"; VariantName = "[No Variations]"
Change component parameters (AddParameter): Name = "Device Class L1"; Value = "Passive Components"; VariantName = "[No Variations]"
Change component parameters (AddParameter): Name = "Device Class L2"; Value = "Capacitors"; VariantName = "[No Variations]"
Change component parameters (AddParameter): Name = "Device Class L3"; Value = "Ceramic Capacitors"; VariantName = "[No Variations]"
Change component parameters (AddParameter): Name = "Digikey Description"; Value = "CAP CER 10PF 16V 20% NP0 0805"; VariantName = "[No Variations]"
Change component parameters (AddParameter): Name = "Height"; Value = "0.88mm"; VariantName = "[No Variations]"
Change component parameters (AddParameter): Name = "Ipc Land Pattern Name"; Value = "CAPC200125X78"; VariantName = "[No Variations]"
Change component parameters (AddParameter): Name = "Lead Free"; Value = "Yes"; VariantName = "[No Variations]"
Change component parameters (AddParameter): Name = "Manufacturer"; Value = "KEMET"; VariantName = "[No Variations]"
Change component parameters (AddParameter): Name = "Manufacturer Part Number"; Value = "C0805C100M4GACTU"; VariantName = "[No Variations]"
Change component parameters (AddParameter): Name = "Material"; Value = "Ceramic"; VariantName = "[No Variations]"
Change component parameters (AddParameter): Name = "Mouser Description"; Value = "Multilayer Ceramic Capacitors MLCC - SMD/SMT 16volts 10pF C0G 20%"; VariantName = "[No Variations]"
Change component parameters (AddParameter): Name = "Octopart"; Value = "https://octopart.com/c0805c100m4gactu-kemet-16430157"; VariantName = "[No Variations]"
Change component parameters (AddParameter): Name = "Package"; Value = "C0805C-DN"; VariantName = "[No Variations]"
Change component parameters (AddParameter): Name = "RoHS"; Value = "TRUE"; VariantName = "[No Variations]"
Change component parameters (AddParameter): Name = "Temperature"; Value = "-55°C to +125°C"; VariantName = "[No Variations]"
Change component parameters (AddParameter): Name = "Temperature Characteristic"; Value = "C0G"; VariantName = "[No Variations]"
Change component parameters (AddParameter): Name = "Temperature Coefficient"; Value = "30ppm/°C"; VariantName = "[No Variations]"
Change component parameters (AddParameter): Name = "Temperature Range High"; Value = "+125°C"; VariantName = "[No Variations]"
Change component parameters (AddParameter): Name = "Temperature Range Low"; Value = "-55°C"; VariantName = "[No Variations]"
Change component parameters (AddParameter): Name = "Tolerance"; Value = "0.2"; VariantName = "[No Variations]"
Change component parameters (AddParameter): Name = "Value"; Value = "10 pF"; VariantName = "[No Variations]"
Change component parameters (AddParameter): Name = "Voltage Rating"; Value = "16 V"; VariantName = "[No Variations]"
Added Component: Designator=Q5(FP-SO-4-MFG)
Add component (AddParameter): Name = "Ambient Temperature Range High"; Value = "+100°C"; VariantName = "[No Variations]"
Add component (AddParameter): Name = "Ambient Temperature Range Low"; Value = "-55°C"; VariantName = "[No Variations]"
Add component (AddParameter): Name = "Automotive"; Value = "No"; VariantName = "[No Variations]"
Add component (AddParameter): Name = "Category"; Value = "Trans"; VariantName = "[No Variations]"
Add component (AddParameter): Name = "Collector Emitter Voltage"; Value = "80V"; VariantName = "[No Variations]"
Add component (AddParameter): Name = "ComponentLink2Description"; Value = "Datasheet"; VariantName = "[No Variations]"
Add component (AddParameter): Name = "ComponentLink2URL"; Value = "https://docs.broadcom.com/docs/AV02-0774EN"; VariantName = "[No Variations]"
Add component (AddParameter): Name = "Device Class L1"; Value = "Optoelectronics"; VariantName = "[No Variations]"
Add component (AddParameter): Name = "Device Class L2"; Value = "Optocouplers"; VariantName = "[No Variations]"
Add component (AddParameter): Name = "Device Class L3"; Value = "unset"; VariantName = "[No Variations]"
Add component (AddParameter): Name = "Digikey Description"; Value = "OPTOISO 3.75KV TRANS 4MINIFLAT"; VariantName = "[No Variations]"
Add component (AddParameter): Name = "Emiiter Collector Voltage"; Value = "6V"; VariantName = "[No Variations]"
Add component (AddParameter): Name = "Forward Current"; Value = "20mA"; VariantName = "[No Variations]"
Add component (AddParameter): Name = "Forward Voltage"; Value = "1.2V"; VariantName = "[No Variations]"
Add component (AddParameter): Name = "Height"; Value = "2.4mm"; VariantName = "[No Variations]"
Add component (AddParameter): Name = "Ipc Land Pattern Name"; Value = "SOIC254P700X210-4"; VariantName = "[No Variations]"
Add component (AddParameter): Name = "Isolation Voltage"; Value = "3750Vrms"; VariantName = "[No Variations]"
Add component (AddParameter): Name = "Lead Free"; Value = "Yes"; VariantName = "[No Variations]"
Add component (AddParameter): Name = "Manufacturer"; Value = "Broadcom"; VariantName = "[No Variations]"
Add component (AddParameter): Name = "Manufacturer Part Number"; Value = "HCPL-181-00CE"; VariantName = "[No Variations]"
Add component (AddParameter): Name = "Max Current Transfer Ratio"; Value = "400%"; VariantName = "[No Variations]"
Add component (AddParameter): Name = "Min Current Transfer Ratio"; Value = "200%"; VariantName = "[No Variations]"
Add component (AddParameter): Name = "Mouser Description"; Value = "Transistor Output Optocouplers 3750 Vrms 0.2mA"; VariantName = "[No Variations]"
Add component (AddParameter): Name = "Octopart"; Value = "https://octopart.com/hcpl-181-00ce-broadcom-71128032"; VariantName = "[No Variations]"
Add component (AddParameter): Name = "Package"; Value = "SO-4"; VariantName = "[No Variations]"
Add component (AddParameter): Name = "Power Dissipation"; Value = "170mW"; VariantName = "[No Variations]"
Add component (AddParameter): Name = "Reverse Voltage"; Value = "6V"; VariantName = "[No Variations]"
Add component (AddParameter): Name = "RoHS"; Value = "TRUE"; VariantName = "[No Variations]"
Add component (AddParameter): Name = "Standoff Height"; Value = "0mm"; VariantName = "[No Variations]"
Add component (AddParameter): Name = "Temperature"; Value = "-55°C to +100°C"; VariantName = "[No Variations]"
Add component (AddParameter): Name = "Temperature Range High"; Value = "+100°C"; VariantName = "[No Variations]"
Add component (AddParameter): Name = "Temperature Range Low"; Value = "-55°C"; VariantName = "[No Variations]"
Add component (AddParameter): Name = "Turn Off Delay Time"; Value = "4us"; VariantName = "[No Variations]"
Add component (AddParameter): Name = "Turn On Delay Time"; Value = "3us"; VariantName = "[No Variations]"
Added Component: Designator=R17(FP-RT1206-MFG)
Add component (AddParameter): Name = "Automotive"; Value = "No"; VariantName = "[No Variations]"
Add component (AddParameter): Name = "Category"; Value = "Res"; VariantName = "[No Variations]"
Add component (AddParameter): Name = "ComponentLink2Description"; Value = "Datasheet"; VariantName = "[No Variations]"
Add component (AddParameter): Name = "ComponentLink2URL"; Value = "http://www.yageo.com/documents/recent/PYu-RT_1-to-0.01_RoHS_L_9.pdf"; VariantName = "[No Variations]"
Add component (AddParameter): Name = "Composition"; Value = "Thin Film"; VariantName = "[No Variations]"
Add component (AddParameter): Name = "Device Class L1"; Value = "Passive Components"; VariantName = "[No Variations]"
Add component (AddParameter): Name = "Device Class L2"; Value = "Resistors"; VariantName = "[No Variations]"
Add component (AddParameter): Name = "Device Class L3"; Value = "Chip SMD Resistors"; VariantName = "[No Variations]"
Add component (AddParameter): Name = "Digikey Description"; Value = "RES SMD 150 OHM 0.1% 1/4W 1206"; VariantName = "[No Variations]"
Add component (AddParameter): Name = "Footprint Url"; Value = "http://www.yageo.com/exep/pages/download/literatures/PYu-R_Mount_10.pdf"; VariantName = "[No Variations]"
Add component (AddParameter): Name = "Height"; Value = "0.65mm"; VariantName = "[No Variations]"
Add component (AddParameter): Name = "Ipc Land Pattern Name"; Value = "RESC310160X55"; VariantName = "[No Variations]"
Add component (AddParameter): Name = "Lead Free"; Value = "Yes"; VariantName = "[No Variations]"
Add component (AddParameter): Name = "Manufacturer"; Value = "Yageo"; VariantName = "[No Variations]"
Add component (AddParameter): Name = "Manufacturer Part Number"; Value = "RT1206BRD07150RL"; VariantName = "[No Variations]"
Add component (AddParameter): Name = "Mouser Description"; Value = "Res Thin Film 1206 150 Ohm 0.1% 1/4W ±25ppm/°C Molded SMD Paper T/R"; VariantName = "[No Variations]"
Add component (AddParameter): Name = "Octopart"; Value = "https://octopart.com/rt1206brd07150rl-yageo-1430859"; VariantName = "[No Variations]"
Add component (AddParameter): Name = "Package"; Value = "RT1206"; VariantName = "[No Variations]"
Add component (AddParameter): Name = "Power Rating"; Value = "0.25W"; VariantName = "[No Variations]"
Add component (AddParameter): Name = "Resistance"; Value = "150O"; VariantName = "[No Variations]"
Add component (AddParameter): Name = "RoHS"; Value = "TRUE"; VariantName = "[No Variations]"
Add component (AddParameter): Name = "Series"; Value = "RT"; VariantName = "[No Variations]"
Add component (AddParameter): Name = "Temperature"; Value = "-55°C to +155°C"; VariantName = "[No Variations]"
Add component (AddParameter): Name = "Temperature Coefficient"; Value = "25 ppm/°C"; VariantName = "[No Variations]"
Add component (AddParameter): Name = "Temperature Range High"; Value = "+155°C"; VariantName = "[No Variations]"
Add component (AddParameter): Name = "Temperature Range Low"; Value = "-55°C"; VariantName = "[No Variations]"
Add component (AddParameter): Name = "Tolerance"; Value = "0.005"; VariantName = "[No Variations]"
Add component (AddParameter): Name = "Value"; Value = "150O"; VariantName = "[No Variations]"
Add component (AddParameter): Name = "Voltage Rating"; Value = "200V"; VariantName = "[No Variations]"
Added Pin To Net: NetName=NetC2_2 Pin=C3-1
Added Pin To Net: NetName=PWR+ Pin=C3-2
Added Pin To Net: NetName=NetC2_2 Pin=C4-1
Added Pin To Net: NetName=NetC2_2 Pin=C8-1
Added Pin To Net: NetName=12V Pin=C8-2
Added Pin To Net: NetName=5V Pin=C10-1
Added Pin To Net: NetName=NetC2_2 Pin=C10-2
Added Pin To Net: NetName=GND5 Pin=Q5-2
Added Pin To Net: NetName=5V Pin=Q5-4
Added Pin To Net: NetName=NetC2_2 Pin=R3-1
Added Pin To Net: NetName=NetC7_1 Pin=R6-1
Added Pin To Net: NetName=NetQ2_1 Pin=R6-2
Added Pin To Net: NetName=NetC2_2 Pin=R7-1
Added Pin To Net: NetName=NetR5_2 Pin=R8-1
Added Pin To Net: NetName=12V Pin=R8-2
Added Pin To Net: NetName=RELAY Pin=R17-2
Added Pin To Net: NetName=NetC4_2 Pin=C4-2
Added Pin To Net: NetName=NetC4_2 Pin=C5-1
Added Pin To Net: NetName=NetC4_2 Pin=U2-2
Added Net: Name=NetC4_2
Added Pin To Net: NetName=NetC5_2 Pin=C5-2
Added Pin To Net: NetName=NetC5_2 Pin=R4-2
Added Net: Name=NetC5_2
Added Pin To Net: NetName=NetQ5_1 Pin=Q5-1
Added Pin To Net: NetName=NetQ5_1 Pin=R17-1
Added Net: Name=NetQ5_1
Added Pin To Net: NetName=NetQ5_3 Pin=Q5-3
Added Pin To Net: NetName=NetQ5_3 Pin=R9-1
Added Net: Name=NetQ5_3
Added Pin To Net: NetName=NetR3_2 Pin=R3-2
Added Pin To Net: NetName=NetR3_2 Pin=U2-7
Added Net: Name=NetR3_2
Added Member To Class: ClassName=Power Member=Component C10 T495D107K010ATE100
Added Member To Class: ClassName=Station sheet1 Member=Component J1 691102710002
Added Member To Class: ClassName=Station sheet1 Member=Component J1 691102710002
Added Member To Class: ClassName=Station sheet1 Member=Component J1 691102710002
Added Member To Class: ClassName=Station sheet1 Member=Component J1 691102710002
Added Member To Class: ClassName=Station sheet1 Member=Component J1 691102710002
Added Member To Class: ClassName=Station sheet1 Member=Component J1 691102710002
Added Member To Class: ClassName=Station sheet1 Member=Component Q4 BSS138LT1G
Added Member To Class: ClassName=Station sheet1 Member=Component Q4 BSS138LT1G
Added Member To Class: ClassName=Station sheet1 Member=Component Q5 HCPL-181-00CE
Added Member To Class: ClassName=Station sheet1 Member=Component R11 CRCW120620K0FKEAHP
Added Member To Class: ClassName=Station sheet1 Member=Component R11 CRCW120620K0FKEAHP
Added Member To Class: ClassName=Station sheet1 Member=Component R11 CRCW120620K0FKEAHP
Added Member To Class: ClassName=Station sheet1 Member=Component R13 AC1206FR-074K7L
Added Member To Class: ClassName=Station sheet1 Member=Component R13 AC1206FR-074K7L
Added Member To Class: ClassName=Station sheet1 Member=Component R13 AC1206FR-074K7L
Added Member To Class: ClassName=Station sheet1 Member=Component R13 AC1206FR-074K7L
Added Member To Class: ClassName=Station sheet1 Member=Component R17 RT1206BRD07150RL
