Change Component Footprint: Designator=Q4 Old Footprint=ONSC-SOT-23-3-318-08_V New Footprint=FP-SOT23-MFG
Change Component Footprint: Designator=Q4 Old Footprint=ONSC-SOT-23-3-318-08_V New Footprint=FP-SOT23-MFG
Change Component Footprint: Designator=Q4 Old Footprint=ONSC-SOT-23-3-318-08_V New Footprint=FP-SOT23-MFG
Change Component Footprint: Designator=R2 Old Footprint=RESC3216X60X45ML10T20 New Footprint=FP-AC1206-MFG
Change Component Footprint: Designator=R3 Old Footprint=RESC3216X60X45ML10T20 New Footprint=RESC3216X70X50LL05T20
Change Component Comment : Designator=Q4 Old Comment=BSS138LT1G New Comment=DMN10H220L-7
Change Component Comment : Designator=Q4 Old Comment=BSS138LT1G New Comment=DMN10H220L-7
Change Component Comment : Designator=Q4 Old Comment=BSS138LT1G New Comment=DMN10H220L-7
Change Component Comment : Designator=R3 Old Comment=CRCW120626K1FKEA New Comment=ERJ-8ENF2612V
Change Component Comment : Designator=R2 Old Comment=CRCW1206100RFKEB New Comment=AC1206FR-07100RL
Change Managed Component Library Link : Designator=Q4 Old VaultGUID=B7D15EC3-160A-466F-A46C-7801FE6295A7 New VaultGUID=B7D15EC3-160A-466F-A46C-7801FE6295A7 Old ItemGUID=B26E05E6-1F41-484E-ACC5-95DEFE5E09C9 New ItemGUID=C11A40D1-6DB9-4556-A05B-0582CA843E3E Old RevisionGUID=8B12F4EB-07D2-4AEE-AA07-793B6B8C6D61 New RevisionGUID=EBE25179-5137-4EBA-85AA-CC19BA8E7B0F
Change Managed Component Library Link : Designator=Q4 Old VaultGUID=B7D15EC3-160A-466F-A46C-7801FE6295A7 New VaultGUID=B7D15EC3-160A-466F-A46C-7801FE6295A7 Old ItemGUID=B26E05E6-1F41-484E-ACC5-95DEFE5E09C9 New ItemGUID=C11A40D1-6DB9-4556-A05B-0582CA843E3E Old RevisionGUID=8B12F4EB-07D2-4AEE-AA07-793B6B8C6D61 New RevisionGUID=EBE25179-5137-4EBA-85AA-CC19BA8E7B0F
Change Managed Component Library Link : Designator=Q4 Old VaultGUID=B7D15EC3-160A-466F-A46C-7801FE6295A7 New VaultGUID=B7D15EC3-160A-466F-A46C-7801FE6295A7 Old ItemGUID=B26E05E6-1F41-484E-ACC5-95DEFE5E09C9 New ItemGUID=C11A40D1-6DB9-4556-A05B-0582CA843E3E Old RevisionGUID=8B12F4EB-07D2-4AEE-AA07-793B6B8C6D61 New RevisionGUID=EBE25179-5137-4EBA-85AA-CC19BA8E7B0F
Change Managed Component Library Link : Designator=R2 Old VaultGUID=B7D15EC3-160A-466F-A46C-7801FE6295A7 New VaultGUID=B7D15EC3-160A-466F-A46C-7801FE6295A7 Old ItemGUID=9E192B1A-FA5B-484B-B39D-D9952AFB6693 New ItemGUID=CCFB8641-3F02-4E5F-93B5-5BE5BDF77A3A Old RevisionGUID=51BE0AB7-90D4-4C43-B66C-DA80D995FD5A New RevisionGUID=A7F92A17-A122-45FA-8E56-580416CAB019
Change Managed Component Library Link : Designator=R3 Old VaultGUID=B7D15EC3-160A-466F-A46C-7801FE6295A7 New VaultGUID=B7D15EC3-160A-466F-A46C-7801FE6295A7 Old ItemGUID=C7A4F43F-EF88-4AC0-B309-B768B235102F New ItemGUID=3E827A1A-EF72-4DFF-B184-8992CDAC9B39 Old RevisionGUID=BB7682D3-5E29-42F4-BF79-77ED6A372A9D New RevisionGUID=34B03F13-7F15-4770-9BC7-4E79A0A481C1
Change component parameters: Designator = "R3" ("R3"); Footprint = "RESC3216X60X45ML10T20"; UniqueID = "\FHYFPGIN" ("\FHYFPGIN")
Change component parameters (AddParameter): Name = "Manufacturer"; Value = "Panasonic"; VariantName = "[No Variations]"
Change component parameters (AddParameter): Name = "Part Number"; Value = "ERJ-8ENF2612V"; VariantName = "[No Variations]"
Change component parameters: Designator = "R2" ("R2"); Footprint = "RESC3216X60X45ML10T20"; UniqueID = "\KTAKGRDZ" ("\KTAKGRDZ")
Change component parameters (AddParameter): Name = "Automotive"; Value = "Yes"; VariantName = "[No Variations]"
Change component parameters (AddParameter): Name = "Automotive Grade"; Value = "Grade 0"; VariantName = "[No Variations]"
Change component parameters (AddParameter): Name = "Category"; Value = "Res"; VariantName = "[No Variations]"
Change component parameters (AddParameter): Name = "ComponentLink2Description"; Value = "Datasheet"; VariantName = "[No Variations]"
Change component parameters (AddParameter): Name = "ComponentLink2URL"; Value = "http://www.yageo.com/NewPortal/yageodocoutput?fileName=/pdf/R-Chip/PYu-AC_51_RoHS_L_6.pdf"; VariantName = "[No Variations]"
Change component parameters (AddParameter): Name = "Composition"; Value = "Thick Film"; VariantName = "[No Variations]"
Change component parameters (AddParameter): Name = "Device Class L1"; Value = "Passive Components"; VariantName = "[No Variations]"
Change component parameters (AddParameter): Name = "Device Class L2"; Value = "Resistors"; VariantName = "[No Variations]"
Change component parameters (AddParameter): Name = "Device Class L3"; Value = "Chip SMD Resistors"; VariantName = "[No Variations]"
Change component parameters (AddParameter): Name = "Digikey Description"; Value = "RES SMD 100 OHM 1% 1/4W 1206"; VariantName = "[No Variations]"
Change component parameters (AddParameter): Name = "Footprint Url"; Value = "http://www.yageo.com/exep/pages/download/literatures/PYu-R_Mount_10.pdf"; VariantName = "[No Variations]"
Change component parameters (AddParameter): Name = "Height"; Value = "0.65mm"; VariantName = "[No Variations]"
Change component parameters (AddParameter): Name = "Ipc Land Pattern Name"; Value = "RESC310160X55"; VariantName = "[No Variations]"
Change component parameters (AddParameter): Name = "Lead Free"; Value = "Yes"; VariantName = "[No Variations]"
Change component parameters (AddParameter): Name = "Manufacturer"; Value = "Yageo"; VariantName = "[No Variations]"
Change component parameters (AddParameter): Name = "Manufacturer Part Number"; Value = "AC1206FR-07100RL"; VariantName = "[No Variations]"
Change component parameters (AddParameter): Name = "Mouser Description"; Value = "Thick Film Resistors - SMD 1/4W 100ohm 1% AEC-Q200"; VariantName = "[No Variations]"
Change component parameters (AddParameter): Name = "Octopart"; Value = "https://octopart.com/ac1206fr-07100rl-yageo-30511025"; VariantName = "[No Variations]"
Change component parameters (AddParameter): Name = "Package"; Value = "AC1206"; VariantName = "[No Variations]"
Change component parameters (AddParameter): Name = "Power Rating"; Value = "0.25W"; VariantName = "[No Variations]"
Change component parameters (AddParameter): Name = "Resistance"; Value = "100O"; VariantName = "[No Variations]"
Change component parameters (AddParameter): Name = "RoHS"; Value = "TRUE"; VariantName = "[No Variations]"
Change component parameters (AddParameter): Name = "Series"; Value = "AC"; VariantName = "[No Variations]"
Change component parameters (AddParameter): Name = "Temperature"; Value = "-55°C to +155°C"; VariantName = "[No Variations]"
Change component parameters (AddParameter): Name = "Temperature Range High"; Value = "+155°C"; VariantName = "[No Variations]"
Change component parameters (AddParameter): Name = "Temperature Range Low"; Value = "-55°C"; VariantName = "[No Variations]"
Change component parameters (AddParameter): Name = "Tolerance"; Value = "0.01"; VariantName = "[No Variations]"
Change component parameters (AddParameter): Name = "Value"; Value = "100O"; VariantName = "[No Variations]"
Change component parameters (AddParameter): Name = "Voltage Rating"; Value = "200V"; VariantName = "[No Variations]"
Change component parameters: Designator = "Q4" ("Q4"); Footprint = "ONSC-SOT-23-3-318-08_V"; UniqueID = "\PJVQHFTW" ("\PJVQHFTW")
Change component parameters (AddParameter): Name = "Automotive"; Value = "No"; VariantName = "[No Variations]"
Change component parameters (AddParameter): Name = "Category"; Value = "Trans"; VariantName = "[No Variations]"
Change component parameters (AddParameter): Name = "ComponentLink2Description"; Value = "Datasheet"; VariantName = "[No Variations]"
Change component parameters (AddParameter): Name = "ComponentLink2URL"; Value = "https://www.diodes.com/assets/Datasheets/DMN10H220L.pdf"; VariantName = "[No Variations]"
Change component parameters (AddParameter): Name = "Continuous Drain Current"; Value = "1.4A"; VariantName = "[No Variations]"
Change component parameters (AddParameter): Name = "Depletion Mode"; Value = "False"; VariantName = "[No Variations]"
Change component parameters (AddParameter): Name = "Device Class L1"; Value = "Discrete Semiconductors"; VariantName = "[No Variations]"
Change component parameters (AddParameter): Name = "Device Class L2"; Value = "Transistors"; VariantName = "[No Variations]"
Change component parameters (AddParameter): Name = "Device Class L3"; Value = "MOSFETs"; VariantName = "[No Variations]"
Change component parameters (AddParameter): Name = "Digikey Description"; Value = "MOSFET N-CH 100V 1.6A SOT-23"; VariantName = "[No Variations]"
Change component parameters (AddParameter): Name = "Drain To Source Breakdown Voltage"; Value = "100V"; VariantName = "[No Variations]"
Change component parameters (AddParameter): Name = "Drain To Source Resistance"; Value = "250mO"; VariantName = "[No Variations]"
Change component parameters (AddParameter): Name = "Drain To Source Voltage"; Value = "100V"; VariantName = "[No Variations]"
Change component parameters (AddParameter): Name = "Footprint Url"; Value = "https://www.diodes.com/assets/Package-Files/SOT23.pdf"; VariantName = "[No Variations]"
Change component parameters (AddParameter): Name = "Gate Charge At Vgs"; Value = "8.3nC @ 10V"; VariantName = "[No Variations]"
Change component parameters (AddParameter): Name = "Gate To Source Voltage"; Value = "16V"; VariantName = "[No Variations]"
Change component parameters (AddParameter): Name = "Height"; Value = "1.1mm"; VariantName = "[No Variations]"
Change component parameters (AddParameter): Name = "Input Capacitace At Vds"; Value = "401pF @ 25V"; VariantName = "[No Variations]"
Change component parameters (AddParameter): Name = "Lead Free"; Value = "Yes"; VariantName = "[No Variations]"
Change component parameters (AddParameter): Name = "Manufacturer"; Value = "Diodes Inc."; VariantName = "[No Variations]"
Change component parameters (AddParameter): Name = "Manufacturer Part Number"; Value = "DMN10H220L-7"; VariantName = "[No Variations]"
Change component parameters (AddParameter): Name = "Max Forward Diode Voltage"; Value = "1.2V"; VariantName = "[No Variations]"
Change component parameters (AddParameter): Name = "Max Junction Temp"; Value = "+150°C"; VariantName = "[No Variations]"
Change component parameters (AddParameter): Name = "Mouser Description"; Value = "DMN10H220L Series 100 V 250 mOhm N-Channel Enhancement Mode Mosfet - SOT-23"; VariantName = "[No Variations]"
Change component parameters (AddParameter): Name = "Number Of Channels"; Value = "1"; VariantName = "[No Variations]"
Change component parameters (AddParameter): Name = "Number Of N Channels"; Value = "1"; VariantName = "[No Variations]"
Change component parameters (AddParameter): Name = "Octopart"; Value = "https://octopart.com/dmn10h220l-7-diodes+inc.-38898610"; VariantName = "[No Variations]"
Change component parameters (AddParameter): Name = "Package"; Value = "SOT23"; VariantName = "[No Variations]"
Change component parameters (AddParameter): Name = "Power Dissipation"; Value = "1.3W"; VariantName = "[No Variations]"
Change component parameters (AddParameter): Name = "Pulse Drain Current"; Value = "8A"; VariantName = "[No Variations]"
Change component parameters (AddParameter): Name = "Reverse Recovery Charge"; Value = "9.8nC"; VariantName = "[No Variations]"
Change component parameters (AddParameter): Name = "Reverse Recovery Time"; Value = "17ns"; VariantName = "[No Variations]"
Change component parameters (AddParameter): Name = "RoHS"; Value = "TRUE"; VariantName = "[No Variations]"
Change component parameters (AddParameter): Name = "Rthja Max"; Value = "177°C/W"; VariantName = "[No Variations]"
Change component parameters (AddParameter): Name = "Standoff Height"; Value = "0.013mm"; VariantName = "[No Variations]"
Change component parameters (AddParameter): Name = "Temperature"; Value = "-55°C to +150°C"; VariantName = "[No Variations]"
Change component parameters (AddParameter): Name = "Temperature Range High"; Value = "+150°C"; VariantName = "[No Variations]"
Change component parameters (AddParameter): Name = "Temperature Range Low"; Value = "-55°C"; VariantName = "[No Variations]"
Change component parameters (AddParameter): Name = "Threshold Vgs Max"; Value = "2.5V"; VariantName = "[No Variations]"
Change component parameters (AddParameter): Name = "Threshold Vgs Min"; Value = "1V"; VariantName = "[No Variations]"
Change component parameters (AddParameter): Name = "Turn Off Delay Time"; Value = "7.9ns"; VariantName = "[No Variations]"
Change component parameters (AddParameter): Name = "Turn On Delay Time"; Value = "6.8ns"; VariantName = "[No Variations]"
Change component parameters (AddParameter): Name = "Typ Forward Diode Voltage"; Value = "0.7V"; VariantName = "[No Variations]"
Change component parameters: Designator = "Q4" ("Q4"); Footprint = "ONSC-SOT-23-3-318-08_V"; UniqueID = "\LQAWPXTY" ("\LQAWPXTY")
Change component parameters (AddParameter): Name = "Automotive"; Value = "No"; VariantName = "[No Variations]"
Change component parameters (AddParameter): Name = "Category"; Value = "Trans"; VariantName = "[No Variations]"
Change component parameters (AddParameter): Name = "ComponentLink2Description"; Value = "Datasheet"; VariantName = "[No Variations]"
Change component parameters (AddParameter): Name = "ComponentLink2URL"; Value = "https://www.diodes.com/assets/Datasheets/DMN10H220L.pdf"; VariantName = "[No Variations]"
Change component parameters (AddParameter): Name = "Continuous Drain Current"; Value = "1.4A"; VariantName = "[No Variations]"
Change component parameters (AddParameter): Name = "Depletion Mode"; Value = "False"; VariantName = "[No Variations]"
Change component parameters (AddParameter): Name = "Device Class L1"; Value = "Discrete Semiconductors"; VariantName = "[No Variations]"
Change component parameters (AddParameter): Name = "Device Class L2"; Value = "Transistors"; VariantName = "[No Variations]"
Change component parameters (AddParameter): Name = "Device Class L3"; Value = "MOSFETs"; VariantName = "[No Variations]"
Change component parameters (AddParameter): Name = "Digikey Description"; Value = "MOSFET N-CH 100V 1.6A SOT-23"; VariantName = "[No Variations]"
Change component parameters (AddParameter): Name = "Drain To Source Breakdown Voltage"; Value = "100V"; VariantName = "[No Variations]"
Change component parameters (AddParameter): Name = "Drain To Source Resistance"; Value = "250mO"; VariantName = "[No Variations]"
Change component parameters (AddParameter): Name = "Drain To Source Voltage"; Value = "100V"; VariantName = "[No Variations]"
Change component parameters (AddParameter): Name = "Footprint Url"; Value = "https://www.diodes.com/assets/Package-Files/SOT23.pdf"; VariantName = "[No Variations]"
Change component parameters (AddParameter): Name = "Gate Charge At Vgs"; Value = "8.3nC @ 10V"; VariantName = "[No Variations]"
Change component parameters (AddParameter): Name = "Gate To Source Voltage"; Value = "16V"; VariantName = "[No Variations]"
Change component parameters (AddParameter): Name = "Height"; Value = "1.1mm"; VariantName = "[No Variations]"
Change component parameters (AddParameter): Name = "Input Capacitace At Vds"; Value = "401pF @ 25V"; VariantName = "[No Variations]"
Change component parameters (AddParameter): Name = "Lead Free"; Value = "Yes"; VariantName = "[No Variations]"
Change component parameters (AddParameter): Name = "Manufacturer"; Value = "Diodes Inc."; VariantName = "[No Variations]"
Change component parameters (AddParameter): Name = "Manufacturer Part Number"; Value = "DMN10H220L-7"; VariantName = "[No Variations]"
Change component parameters (AddParameter): Name = "Max Forward Diode Voltage"; Value = "1.2V"; VariantName = "[No Variations]"
Change component parameters (AddParameter): Name = "Max Junction Temp"; Value = "+150°C"; VariantName = "[No Variations]"
Change component parameters (AddParameter): Name = "Mouser Description"; Value = "DMN10H220L Series 100 V 250 mOhm N-Channel Enhancement Mode Mosfet - SOT-23"; VariantName = "[No Variations]"
Change component parameters (AddParameter): Name = "Number Of Channels"; Value = "1"; VariantName = "[No Variations]"
Change component parameters (AddParameter): Name = "Number Of N Channels"; Value = "1"; VariantName = "[No Variations]"
Change component parameters (AddParameter): Name = "Octopart"; Value = "https://octopart.com/dmn10h220l-7-diodes+inc.-38898610"; VariantName = "[No Variations]"
Change component parameters (AddParameter): Name = "Package"; Value = "SOT23"; VariantName = "[No Variations]"
Change component parameters (AddParameter): Name = "Power Dissipation"; Value = "1.3W"; VariantName = "[No Variations]"
Change component parameters (AddParameter): Name = "Pulse Drain Current"; Value = "8A"; VariantName = "[No Variations]"
Change component parameters (AddParameter): Name = "Reverse Recovery Charge"; Value = "9.8nC"; VariantName = "[No Variations]"
Change component parameters (AddParameter): Name = "Reverse Recovery Time"; Value = "17ns"; VariantName = "[No Variations]"
Change component parameters (AddParameter): Name = "RoHS"; Value = "TRUE"; VariantName = "[No Variations]"
Change component parameters (AddParameter): Name = "Rthja Max"; Value = "177°C/W"; VariantName = "[No Variations]"
Change component parameters (AddParameter): Name = "Standoff Height"; Value = "0.013mm"; VariantName = "[No Variations]"
Change component parameters (AddParameter): Name = "Temperature"; Value = "-55°C to +150°C"; VariantName = "[No Variations]"
Change component parameters (AddParameter): Name = "Temperature Range High"; Value = "+150°C"; VariantName = "[No Variations]"
Change component parameters (AddParameter): Name = "Temperature Range Low"; Value = "-55°C"; VariantName = "[No Variations]"
Change component parameters (AddParameter): Name = "Threshold Vgs Max"; Value = "2.5V"; VariantName = "[No Variations]"
Change component parameters (AddParameter): Name = "Threshold Vgs Min"; Value = "1V"; VariantName = "[No Variations]"
Change component parameters (AddParameter): Name = "Turn Off Delay Time"; Value = "7.9ns"; VariantName = "[No Variations]"
Change component parameters (AddParameter): Name = "Turn On Delay Time"; Value = "6.8ns"; VariantName = "[No Variations]"
Change component parameters (AddParameter): Name = "Typ Forward Diode Voltage"; Value = "0.7V"; VariantName = "[No Variations]"
Change component parameters: Designator = "Q4" ("Q4"); Footprint = "ONSC-SOT-23-3-318-08_V"; UniqueID = "\NYIZNGAR" ("\NYIZNGAR")
Change component parameters (AddParameter): Name = "Automotive"; Value = "No"; VariantName = "[No Variations]"
Change component parameters (AddParameter): Name = "Category"; Value = "Trans"; VariantName = "[No Variations]"
Change component parameters (AddParameter): Name = "ComponentLink2Description"; Value = "Datasheet"; VariantName = "[No Variations]"
Change component parameters (AddParameter): Name = "ComponentLink2URL"; Value = "https://www.diodes.com/assets/Datasheets/DMN10H220L.pdf"; VariantName = "[No Variations]"
Change component parameters (AddParameter): Name = "Continuous Drain Current"; Value = "1.4A"; VariantName = "[No Variations]"
Change component parameters (AddParameter): Name = "Depletion Mode"; Value = "False"; VariantName = "[No Variations]"
Change component parameters (AddParameter): Name = "Device Class L1"; Value = "Discrete Semiconductors"; VariantName = "[No Variations]"
Change component parameters (AddParameter): Name = "Device Class L2"; Value = "Transistors"; VariantName = "[No Variations]"
Change component parameters (AddParameter): Name = "Device Class L3"; Value = "MOSFETs"; VariantName = "[No Variations]"
Change component parameters (AddParameter): Name = "Digikey Description"; Value = "MOSFET N-CH 100V 1.6A SOT-23"; VariantName = "[No Variations]"
Change component parameters (AddParameter): Name = "Drain To Source Breakdown Voltage"; Value = "100V"; VariantName = "[No Variations]"
Change component parameters (AddParameter): Name = "Drain To Source Resistance"; Value = "250mO"; VariantName = "[No Variations]"
Change component parameters (AddParameter): Name = "Drain To Source Voltage"; Value = "100V"; VariantName = "[No Variations]"
Change component parameters (AddParameter): Name = "Footprint Url"; Value = "https://www.diodes.com/assets/Package-Files/SOT23.pdf"; VariantName = "[No Variations]"
Change component parameters (AddParameter): Name = "Gate Charge At Vgs"; Value = "8.3nC @ 10V"; VariantName = "[No Variations]"
Change component parameters (AddParameter): Name = "Gate To Source Voltage"; Value = "16V"; VariantName = "[No Variations]"
Change component parameters (AddParameter): Name = "Height"; Value = "1.1mm"; VariantName = "[No Variations]"
Change component parameters (AddParameter): Name = "Input Capacitace At Vds"; Value = "401pF @ 25V"; VariantName = "[No Variations]"
Change component parameters (AddParameter): Name = "Lead Free"; Value = "Yes"; VariantName = "[No Variations]"
Change component parameters (AddParameter): Name = "Manufacturer"; Value = "Diodes Inc."; VariantName = "[No Variations]"
Change component parameters (AddParameter): Name = "Manufacturer Part Number"; Value = "DMN10H220L-7"; VariantName = "[No Variations]"
Change component parameters (AddParameter): Name = "Max Forward Diode Voltage"; Value = "1.2V"; VariantName = "[No Variations]"
Change component parameters (AddParameter): Name = "Max Junction Temp"; Value = "+150°C"; VariantName = "[No Variations]"
Change component parameters (AddParameter): Name = "Mouser Description"; Value = "DMN10H220L Series 100 V 250 mOhm N-Channel Enhancement Mode Mosfet - SOT-23"; VariantName = "[No Variations]"
Change component parameters (AddParameter): Name = "Number Of Channels"; Value = "1"; VariantName = "[No Variations]"
Change component parameters (AddParameter): Name = "Number Of N Channels"; Value = "1"; VariantName = "[No Variations]"
Change component parameters (AddParameter): Name = "Octopart"; Value = "https://octopart.com/dmn10h220l-7-diodes+inc.-38898610"; VariantName = "[No Variations]"
Change component parameters (AddParameter): Name = "Package"; Value = "SOT23"; VariantName = "[No Variations]"
Change component parameters (AddParameter): Name = "Power Dissipation"; Value = "1.3W"; VariantName = "[No Variations]"
Change component parameters (AddParameter): Name = "Pulse Drain Current"; Value = "8A"; VariantName = "[No Variations]"
Change component parameters (AddParameter): Name = "Reverse Recovery Charge"; Value = "9.8nC"; VariantName = "[No Variations]"
Change component parameters (AddParameter): Name = "Reverse Recovery Time"; Value = "17ns"; VariantName = "[No Variations]"
Change component parameters (AddParameter): Name = "RoHS"; Value = "TRUE"; VariantName = "[No Variations]"
Change component parameters (AddParameter): Name = "Rthja Max"; Value = "177°C/W"; VariantName = "[No Variations]"
Change component parameters (AddParameter): Name = "Standoff Height"; Value = "0.013mm"; VariantName = "[No Variations]"
Change component parameters (AddParameter): Name = "Temperature"; Value = "-55°C to +150°C"; VariantName = "[No Variations]"
Change component parameters (AddParameter): Name = "Temperature Range High"; Value = "+150°C"; VariantName = "[No Variations]"
Change component parameters (AddParameter): Name = "Temperature Range Low"; Value = "-55°C"; VariantName = "[No Variations]"
Change component parameters (AddParameter): Name = "Threshold Vgs Max"; Value = "2.5V"; VariantName = "[No Variations]"
Change component parameters (AddParameter): Name = "Threshold Vgs Min"; Value = "1V"; VariantName = "[No Variations]"
Change component parameters (AddParameter): Name = "Turn Off Delay Time"; Value = "7.9ns"; VariantName = "[No Variations]"
Change component parameters (AddParameter): Name = "Turn On Delay Time"; Value = "6.8ns"; VariantName = "[No Variations]"
Change component parameters (AddParameter): Name = "Typ Forward Diode Voltage"; Value = "0.7V"; VariantName = "[No Variations]"
Added Member To Class: ClassName=Station sheet1 Member=Component J1 691102710002
Added Member To Class: ClassName=Station sheet1 Member=Component J1 691102710002
Added Member To Class: ClassName=Station sheet1 Member=Component J1 691102710002
Added Member To Class: ClassName=Station sheet1 Member=Component J1 691102710002
Added Member To Class: ClassName=Station sheet1 Member=Component J1 691102710002
Added Member To Class: ClassName=Station sheet1 Member=Component J1 691102710002
Added Member To Class: ClassName=Station sheet1 Member=Component Q4 DMN10H220L-7
Added Member To Class: ClassName=Station sheet1 Member=Component Q4 DMN10H220L-7
Added Member To Class: ClassName=Station sheet1 Member=Component R11 CRCW120620K0FKEAHP
Added Member To Class: ClassName=Station sheet1 Member=Component R11 CRCW120620K0FKEAHP
Added Member To Class: ClassName=Station sheet1 Member=Component R11 CRCW120620K0FKEAHP
Added Member To Class: ClassName=Station sheet1 Member=Component R13 AC1206FR-074K7L
Added Member To Class: ClassName=Station sheet1 Member=Component R13 AC1206FR-074K7L
Added Member To Class: ClassName=Station sheet1 Member=Component R13 AC1206FR-074K7L
Added Member To Class: ClassName=Station sheet1 Member=Component R13 AC1206FR-074K7L
