Update Managed Component C1 From CMP-13271-001276-1[CL31B104KBCNFNC] To CMP-13271-001276-1[CL31B104KBCNFNC] in Power.SchDoc
Update Managed Component C2 From CMP-0687-00079-1[UUD1E221MNL1GS] To CMP-0687-00079-1[UUD1E221MNL1GS] in Power.SchDoc
Update Managed Component C3 From CMP-03020-021070-1[C1206C104K4RACTU] To CMP-03020-021070-1[C1206C104K4RACTU] in Power.SchDoc
Update Managed Component C4 From CMP-03422-000879-1[CC1206KRX7R9BB152] To CMP-03422-000879-1[CC1206KRX7R9BB152] in Power.SchDoc
Update Managed Component C5 From CMP-1037-03892-1[CAP 33nF 100V 1206(3216)] To CMP-1037-03892-1[CAP 33nF 100V 1206(3216)] in Power.SchDoc
Update Managed Component C6 From CMP-2000-05397-2[C3216X5R1E476M160AC] To CMP-2000-05397-2[C3216X5R1E476M160AC] in Power.SchDoc
Update Managed Component C7 From CMP-13271-002400-1[CL31C100DBCNNNC] To CMP-13271-002400-1[CL31C100DBCNNNC] in Power.SchDoc
Update Managed Component C8 From CMP-2000-05492-1[16SVP180M] To CMP-2000-05492-1[16SVP180M] in Power.SchDoc
Update Managed Component C9 From CMP-2000-06008-2[C1206C103K5RACTU] To CMP-2000-06008-2[C1206C103K5RACTU] in Power.SchDoc
Update Managed Component C10 From CMP-0687-00041-1[UUD1E330MCL1GS] To CMP-0687-00041-1[UUD1E330MCL1GS] in Power.SchDoc
Update Managed Component C10 From CMP-0687-00041-1[UUD1E330MCL1GS] To CMP-0687-00041-1[UUD1E330MCL1GS] in Power.SchDoc
Update Managed Component C10 From CMP-0687-00041-1[UUD1E330MCL1GS] To CMP-0687-00041-1[UUD1E330MCL1GS] in Power.SchDoc
Update Managed Component D1 From CMP-2000-06115-2[CMS06(TE12L,Q,M)] To CMP-2000-06115-2[CMS06(TE12L,Q,M)] in Power.SchDoc
Update Managed Component D2 From CMP-12187-000010-1[STPS20M100SG-TR] To CMP-12187-000010-1[STPS20M100SG-TR] in Power.SchDoc
Update Managed Component F1 From CMP-2000-05550-2[2920L300/15DR] To CMP-2000-05550-2[2920L300/15DR] in Power.SchDoc
Update Managed Component F2 From CMP-08606-000011-1[1812L035/60MR] To CMP-08606-000011-1[1812L035/60MR] in Power.SchDoc
Update Managed Component J1 From CMP-1502-03258-1[691102710002] To CMP-1502-03258-1[691102710002] in Power.SchDoc
Update Managed Component L1 From CMP-07248-000044-1[SRP1250-4R7M] To CMP-07248-000044-1[SRP1250-4R7M] in Power.SchDoc
Update Managed Component L2 From CMP-07248-000050-1[SRN6045-150M] To CMP-07248-000050-1[SRN6045-150M] in Power.SchDoc
Replace Part Q1 FQD16N25CTM SCHEMATIC in A:\GithubDesktop\Model-Rocket-Design\PCB CAD\Ground Station\Power.SchDoc with FQD16N25CTM SCHEMATIC from Unified Library.IntLib
Update Managed Component Q2 From CMP-2000-06981-1[RJK0651DPB-00#J5] To CMP-2000-06981-1[RJK0651DPB-00#J5] in Power.SchDoc
Update Managed Component R1 From CMP-02407-004217-1[CRCW1206150KFKEB] To CMP-02407-004217-1[CRCW1206150KFKEB] in Power.SchDoc
Update Managed Component R2 From CMP-2003-02456-1[CRCW1206100RFKEB] To CMP-2003-02456-1[CRCW1206100RFKEB] in Power.SchDoc
Update Managed Component R3 From CMP-1014-00670-1[27K 1% 1206(3216)] To CMP-1014-00670-1[27K 1% 1206(3216)] in Power.SchDoc
Update Managed Component R4 From CMP-2003-00251-1[ERJ-8ENF2551V] To CMP-2003-00251-1[ERJ-8ENF2551V] in Power.SchDoc
Update Managed Component R5 From CMP-2003-00714-1[ERJ-P08J102V] To CMP-2003-00714-1[ERJ-P08J102V] in Power.SchDoc
Update Managed Component R6 From CMP-2003-00513-1[ERJ-8ENF8451V] To CMP-2003-00513-1[ERJ-8ENF8451V] in Power.SchDoc
Update Managed Component R7 From CMP-2003-00016-1[ERJ-8ENF1000V] To CMP-2003-00016-1[ERJ-8ENF1000V] in Power.SchDoc
Update Managed Component R8 From CMP-2001-04321-1[WSLP0805R0100FEA] To CMP-2001-04321-1[WSLP0805R0100FEA] in Power.SchDoc
Update Managed Component R12 From CMP-2003-04883-1[CRCW120610K0FKEAHP] To CMP-2003-04883-1[CRCW120610K0FKEAHP] in Power.SchDoc
Update Managed Component R18 From CMP-1014-00566-2[RC1206FR-073K24L] To CMP-1014-00566-2[RC1206FR-073K24L] in Power.SchDoc
Replace Part U1 S-1011A70-M6T1U4 in A:\GithubDesktop\Model-Rocket-Design\PCB CAD\Ground Station\Power.SchDoc with S-1011A70-M6T1U4 from Unified Library.IntLib
Update Managed Component U2 From CMP-0063-01299-4[LM3478QMMX/NOPB] To CMP-0063-01299-4[LM3478QMMX/NOPB] in Power.SchDoc
Update Managed Component U3 From CMP-0323-00190-2[TPS5410DG4] To CMP-0323-00190-2[TPS5410DG4] in Power.SchDoc
