Replace Part A1 HM10 SCHEMATIC in A:\GithubDesktop\Model-Rocket-Design\PCB CAD\Ground Station\Station sheet1.SchDoc with HM10 SCHEMATIC from Unified Library.IntLib
Replace Part A2 ARDUINO NANO in A:\GithubDesktop\Model-Rocket-Design\PCB CAD\Ground Station\Station sheet1.SchDoc with ARDUINO NANO from Unified Library.IntLib
Update Managed Component D3 From CMP-12791-000051-1[S1B-13-F] To CMP-12791-000051-1[S1B-13-F] in Station sheet1.SchDoc
Update Managed Component J1 From CMP-1502-03258-1[691102710002] To CMP-1502-03258-1[691102710002] in Station sheet1.SchDoc
Update Managed Component J1 From CMP-1502-03258-1[691102710002] To CMP-1502-03258-1[691102710002] in Station sheet1.SchDoc
Update Managed Component J1 From CMP-1502-03258-1[691102710002] To CMP-1502-03258-1[691102710002] in Station sheet1.SchDoc
Update Managed Component J1 From CMP-1502-03258-1[691102710002] To CMP-1502-03258-1[691102710002] in Station sheet1.SchDoc
Update Managed Component J1 From CMP-1502-03258-1[691102710002] To CMP-1502-03258-1[691102710002] in Station sheet1.SchDoc
Update Managed Component J1 From CMP-1502-03258-1[691102710002] To CMP-1502-03258-1[691102710002] in Station sheet1.SchDoc
Update Managed Component J1 From CMP-1502-03258-1[691102710002] To CMP-1502-03258-1[691102710002] in Station sheet1.SchDoc
Update Managed Component J2 From CMP-1559-01665-1[1934280000] To CMP-1559-01665-1[1934280000] in Station sheet1.SchDoc
Update Managed Component K1 From CMP-08822-000168-1[G5NB-1A-E-DC5] To CMP-08822-000168-1[G5NB-1A-E-DC5] in Station sheet1.SchDoc
Update Managed Component LED1 From CMP-1426-00014-1[150120GS75000] To CMP-1426-00014-1[150120GS75000] in Station sheet1.SchDoc
Update Managed Component Q3 From CMP-1693-00003-4[MMBT2222A-7-F] To CMP-1693-00003-4[MMBT2222A-7-F] in Station sheet1.SchDoc
Update Managed Component Q4 From CMP-1058-00767-1[BSS138LT1G] To CMP-1058-00767-1[BSS138LT1G] in Station sheet1.SchDoc
Update Managed Component Q4 From CMP-1058-00767-1[BSS138LT1G] To CMP-1058-00767-1[BSS138LT1G] in Station sheet1.SchDoc
Update Managed Component Q4 From CMP-1058-00767-1[BSS138LT1G] To CMP-1058-00767-1[BSS138LT1G] in Station sheet1.SchDoc
Update Managed Component R9 From CMP-2003-01877-2[CRCW12061K20JNEA] To CMP-2003-01877-2[CRCW12061K20JNEA] in Station sheet1.SchDoc
Update Managed Component R10 From CMP-2003-04913-2[AC1206FR-07150RL] To CMP-2003-04913-2[AC1206FR-07150RL] in Station sheet1.SchDoc
Update Managed Component R11 From CMP-2003-04875-1[CRCW120620K0FKEAHP] To CMP-2003-04875-1[CRCW120620K0FKEAHP] in Station sheet1.SchDoc
Update Managed Component R11 From CMP-2003-04875-1[CRCW120620K0FKEAHP] To CMP-2003-04875-1[CRCW120620K0FKEAHP] in Station sheet1.SchDoc
Update Managed Component R11 From CMP-2003-04875-1[CRCW120620K0FKEAHP] To CMP-2003-04875-1[CRCW120620K0FKEAHP] in Station sheet1.SchDoc
Update Managed Component R11 From CMP-2003-04875-1[CRCW120620K0FKEAHP] To CMP-2003-04875-1[CRCW120620K0FKEAHP] in Station sheet1.SchDoc
Update Managed Component R12 From CMP-2003-04883-1[CRCW120610K0FKEAHP] To CMP-2003-04883-1[CRCW120610K0FKEAHP] in Station sheet1.SchDoc
Update Managed Component R13 From CMP-2003-04896-2[AC1206FR-074K7L] To CMP-2003-04896-2[AC1206FR-074K7L] in Station sheet1.SchDoc
Update Managed Component R13 From CMP-2003-04896-2[AC1206FR-074K7L] To CMP-2003-04896-2[AC1206FR-074K7L] in Station sheet1.SchDoc
Update Managed Component R13 From CMP-2003-04896-2[AC1206FR-074K7L] To CMP-2003-04896-2[AC1206FR-074K7L] in Station sheet1.SchDoc
Update Managed Component R13 From CMP-2003-04896-2[AC1206FR-074K7L] To CMP-2003-04896-2[AC1206FR-074K7L] in Station sheet1.SchDoc
Update Managed Component R13 From CMP-2003-04896-2[AC1206FR-074K7L] To CMP-2003-04896-2[AC1206FR-074K7L] in Station sheet1.SchDoc
Update Managed Component R14 From CMP-2003-04435-1[ERA8AEB202V] To CMP-2003-04435-1[ERA8AEB202V] in Station sheet1.SchDoc
Update Managed Component R15 From CMP-2003-04643-1[TNPW12061K00BEEN] To CMP-2003-04643-1[TNPW12061K00BEEN] in Station sheet1.SchDoc
Update Managed Component R16 From CMP-07231-000013-1[PWR263S-20-4R70J] To CMP-07231-000013-1[PWR263S-20-4R70J] in Station sheet1.SchDoc
