Removed Pin From Net: NetName=5V Pin=D3-1
Removed Pin From Net: NetName=GND Pin=K1-2
Removed Pin From Net: NetName=5V Pin=K1-4
Removed Pin From Net: NetName=GND Pin=Q3-2
Removed Pin From Net: NetName=GND Pin=Q5-2
Removed Pin From Net: NetName=5V Pin=Q5-4
Removed Pin From Net: NetName=5V Pin=R13-2
Removed Pin From Net: NetName=12V Pin=R16-2
Removed Pin From Net: NetName=RELAY Pin=R17-2
Removed Member From Class: ClassName=Station sheet1 Member=D3
Removed Member From Class: ClassName=Station sheet1 Member=K1
Removed Member From Class: ClassName=Station sheet1 Member=Q3
Removed Member From Class: ClassName=Station sheet1 Member=Q5
Removed Member From Class: ClassName=Station sheet1 Member=R9
Removed Member From Class: ClassName=Station sheet1 Member=R12
Removed Member From Class: ClassName=Station sheet1 Member=R16
Removed Member From Class: ClassName=Station sheet1 Member=R17
Added Component: Designator=J2(691214110002)
Add component (AddParameter): Name = "Datasheet URL"; Value = "http://katalog.we-online.de/em/datasheet/6912141100xx.pdf"; VariantName = "[No Variations]"
Add component (AddParameter): Name = "Manufacturer"; Value = "Wurth Elektronik"; VariantName = "[No Variations]"
Add component (AddParameter): Name = "Manufacturer URL"; Value = "http://www.we-online.de"; VariantName = "[No Variations]"
Add component (AddParameter): Name = "Mounting Technology"; Value = "THT"; VariantName = "[No Variations]"
Add component (AddParameter): Name = "Operating Temperature"; Value = "-40to105degC"; VariantName = "[No Variations]"
Add component (AddParameter): Name = "Package Reference"; Value = "691214110002"; VariantName = "[No Variations]"
Add component (AddParameter): Name = "Packaging"; Value = "Box"; VariantName = "[No Variations]"
Add component (AddParameter): Name = "Part Number"; Value = "691214110002"; VariantName = "[No Variations]"
Add component (AddParameter): Name = "Pin Number"; Value = "2"; VariantName = "[No Variations]"
Add component (AddParameter): Name = "Pitch"; Value = "3.50mm"; VariantName = "[No Variations]"
Add component (AddParameter): Name = "Publisher"; Value = "WurthElektronik"; VariantName = "[No Variations]"
Added Component: Designator=LED1(1206_A)
Add component (AddParameter): Name = "Color"; Value = "Green"; VariantName = "[No Variations]"
Add component (AddParameter): Name = "ComponentLink1Description"; Value = "Manufacturer URL"; VariantName = "[No Variations]"
Add component (AddParameter): Name = "ComponentLink1URL"; Value = "http://www.we-online.com"; VariantName = "[No Variations]"
Add component (AddParameter): Name = "ComponentLink2Description"; Value = "Datasheet"; VariantName = "[No Variations]"
Add component (AddParameter): Name = "ComponentLink2URL"; Value = "http://katalog.we-online.com/led/datasheet/150120GS75000.pdf"; VariantName = "[No Variations]"
Add component (AddParameter): Name = "Manufacturer"; Value = "Wuerth Elektronik"; VariantName = "[No Variations]"
Add component (AddParameter): Name = "PackageReference"; Value = "1206_A"; VariantName = "[No Variations]"
Add component (AddParameter): Name = "PartNumber"; Value = "150120GS75000"; VariantName = "[No Variations]"
Added Component: Designator=U?(FP-D0016A-MFG)
Add component (AddParameter): Name = "Ambient Temperature Range High"; Value = "+85°C"; VariantName = "[No Variations]"
Add component (AddParameter): Name = "Ambient Temperature Range Low"; Value = "-40°C"; VariantName = "[No Variations]"
Add component (AddParameter): Name = "Automotive"; Value = "No"; VariantName = "[No Variations]"
Add component (AddParameter): Name = "Category"; Value = "IC"; VariantName = "[No Variations]"
Add component (AddParameter): Name = "ComponentLink2Description"; Value = "Datasheet"; VariantName = "[No Variations]"
Add component (AddParameter): Name = "ComponentLink2URL"; Value = "http://www.ti.com/lit/ds/symlink/sn74hc595.pdf"; VariantName = "[No Variations]"
Add component (AddParameter): Name = "Device Class L1"; Value = "Integrated Circuits (ICs)"; VariantName = "[No Variations]"
Add component (AddParameter): Name = "Device Class L2"; Value = "Logic ICs"; VariantName = "[No Variations]"
Add component (AddParameter): Name = "Device Class L3"; Value = "Shift Registers"; VariantName = "[No Variations]"
Add component (AddParameter): Name = "Digikey Description"; Value = "IC 8BIT SHIFT REG 3ST-OUT 16SOIC"; VariantName = "[No Variations]"
Add component (AddParameter): Name = "Frequency"; Value = "29MHz"; VariantName = "[No Variations]"
Add component (AddParameter): Name = "Height"; Value = "1.75mm"; VariantName = "[No Variations]"
Add component (AddParameter): Name = "Ipc Land Pattern Name"; Value = "SOIC127P600X175-16"; VariantName = "[No Variations]"
Add component (AddParameter): Name = "Lead Free"; Value = "Yes"; VariantName = "[No Variations]"
Add component (AddParameter): Name = "Manufacturer"; Value = "Texas Instruments"; VariantName = "[No Variations]"
Add component (AddParameter): Name = "Manufacturer Part Number"; Value = "SN74HC595DR"; VariantName = "[No Variations]"
Add component (AddParameter): Name = "Max Junction Temp"; Value = "+150°C"; VariantName = "[No Variations]"
Add component (AddParameter): Name = "Max Supply Voltage"; Value = "6V"; VariantName = "[No Variations]"
Add component (AddParameter): Name = "Min Supply Voltage"; Value = "2V"; VariantName = "[No Variations]"
Add component (AddParameter): Name = "Mouser Description"; Value = "Counter Shift Registers 8bit Shift"; VariantName = "[No Variations]"
Add component (AddParameter): Name = "Nominal Supply Current"; Value = "80uA"; VariantName = "[No Variations]"
Add component (AddParameter): Name = "Number Of Circuits"; Value = "1"; VariantName = "[No Variations]"
Add component (AddParameter): Name = "Number Of Inputs"; Value = "1"; VariantName = "[No Variations]"
Add component (AddParameter): Name = "Number Of Outputs"; Value = "9"; VariantName = "[No Variations]"
Add component (AddParameter): Name = "Octopart"; Value = "https://octopart.com/sn74hc595dr-texas+instruments-500634"; VariantName = "[No Variations]"
Add component (AddParameter): Name = "Package"; Value = "D0016A"; VariantName = "[No Variations]"
Add component (AddParameter): Name = "Propagation Delay"; Value = "43ns"; VariantName = "[No Variations]"
Add component (AddParameter): Name = "RoHS"; Value = "TRUE"; VariantName = "[No Variations]"
Add component (AddParameter): Name = "Standoff Height"; Value = "0.1mm"; VariantName = "[No Variations]"
Add component (AddParameter): Name = "Temperature"; Value = "-40°C to +85°C"; VariantName = "[No Variations]"
Add component (AddParameter): Name = "Temperature Range High"; Value = "+85°C"; VariantName = "[No Variations]"
Add component (AddParameter): Name = "Temperature Range Low"; Value = "-40°C"; VariantName = "[No Variations]"
Added Pin To Net: NetName=GND Pin=LED1-1
Added Pin To Net: NetName=NetLED1_2 Pin=LED1-2
Change Class Name : Old Net Name=Power New Net Name=Power Control
Change Class Name : Old Net Name=Station sheet1 New Net Name=Control sheet1
Added Member To Class: ClassName=Control sheet1 Member=Component J1 691102710002
Added Member To Class: ClassName=Control sheet1 Member=Component J1 691102710002
Added Member To Class: ClassName=Control sheet1 Member=Component J1 691102710002
Added Member To Class: ClassName=Control sheet1 Member=Component J1 691102710002
Added Member To Class: ClassName=Control sheet1 Member=Component J1 691102710002
Added Member To Class: ClassName=Control sheet1 Member=Component J2 691214110002
Added Member To Class: ClassName=Control sheet1 Member=Component LED1 150120GS75000
Added Member To Class: ClassName=Control sheet1 Member=Component Q4 DMN10H220L-7
Added Member To Class: ClassName=Control sheet1 Member=Component Q4 DMN10H220L-7
Added Member To Class: ClassName=Control sheet1 Member=Component R11 CRCW120620K0FKEAHP
Added Member To Class: ClassName=Control sheet1 Member=Component R11 CRCW120620K0FKEAHP
Added Member To Class: ClassName=Control sheet1 Member=Component R13 AC1206FR-074K7L
Added Member To Class: ClassName=Control sheet1 Member=Component R13 AC1206FR-074K7L
Added Member To Class: ClassName=Control sheet1 Member=Component U? SN74HC595DR
Added Room: Name=Control sheet1
Added Room: Name=Power Control
